The target system is: Android - 1 - x86_64
The host system is: Darwin - 18.7.0 - x86_64
Determining if the C compiler works passed with the following output:
Change Dir: /Users/sherryzhao/Documents/GitHub/SBSFTC10738/opencv/.cxx/cmake/release/x86_64/CMakeFiles/CMakeTmp

Run Build Command:"/Users/sherryzhao/Library/Android/sdk/cmake/3.6.4111459/bin/ninja" "cmTC_d29bc"
[1/2] Building C object CMakeFiles/cmTC_d29bc.dir/testCCompiler.c.o
[2/2] Linking C executable cmTC_d29bc


Detecting C compiler ABI info compiled with the following output:
Change Dir: /Users/sherryzhao/Documents/GitHub/SBSFTC10738/opencv/.cxx/cmake/release/x86_64/CMakeFiles/CMakeTmp

Run Build Command:"/Users/sherryzhao/Library/Android/sdk/cmake/3.6.4111459/bin/ninja" "cmTC_81f48"
[1/2] Building C object CMakeFiles/cmTC_81f48.dir/CMakeCCompilerABI.c.o
[2/2] Linking C executable cmTC_81f48
Android (5900059 based on r365631c) clang version 9.0.8 (https://android.googlesource.com/toolchain/llvm-project 207d7abc1a2abf3ef8d4301736d6a7ebc224a290) (based on LLVM 9.0.8svn)
Target: x86_64-none-linux-android23
Thread model: posix
InstalledDir: /Users/sherryzhao/Library/Android/sdk/ndk/21.0.6113669/toolchains/llvm/prebuilt/darwin-x86_64/bin
Found candidate GCC installation: /Users/sherryzhao/Library/Android/sdk/ndk/21.0.6113669/toolchains/llvm/prebuilt/darwin-x86_64/lib/gcc/i686-linux-android/4.9.x
Found candidate GCC installation: /Users/sherryzhao/Library/Android/sdk/ndk/21.0.6113669/toolchains/llvm/prebuilt/darwin-x86_64/lib/gcc/x86_64-linux-android/4.9.x
Selected GCC installation: /Users/sherryzhao/Library/Android/sdk/ndk/21.0.6113669/toolchains/llvm/prebuilt/darwin-x86_64/lib/gcc/x86_64-linux-android/4.9.x
Candidate multilib: .;@m64
Selected multilib: .;@m64
 "/Users/sherryzhao/Library/Android/sdk/ndk/21.0.6113669/toolchains/llvm/prebuilt/darwin-x86_64/lib/gcc/x86_64-linux-android/4.9.x/../../../../x86_64-linux-android/bin/ld" --sysroot=/Users/sherryzhao/Library/Android/sdk/ndk/21.0.6113669/toolchains/llvm/prebuilt/darwin-x86_64/sysroot -pie -z noexecstack --warn-shared-textrel -z now -z relro --hash-style=gnu --enable-new-dtags --eh-frame-hdr -m elf_x86_64 -dynamic-linker /system/bin/linker64 -o cmTC_81f48 /Users/sherryzhao/Library/Android/sdk/ndk/21.0.6113669/toolchains/llvm/prebuilt/darwin-x86_64/sysroot/usr/lib/x86_64-linux-android/23/crtbegin_dynamic.o -L/Users/sherryzhao/Library/Android/sdk/ndk/21.0.6113669/toolchains/llvm/prebuilt/darwin-x86_64/lib64/clang/9.0.8/lib/linux/x86_64 -L/Users/sherryzhao/Library/Android/sdk/ndk/21.0.6113669/toolchains/llvm/prebuilt/darwin-x86_64/lib/gcc/x86_64-linux-android/4.9.x -L/Users/sherryzhao/Library/Android/sdk/ndk/21.0.6113669/toolchains/llvm/prebuilt/darwin-x86_64/lib/gcc/x86_64-linux-android/4.9.x/../../../../x86_64-linux-android/lib/../lib64 -L/Users/sherryzhao/Library/Android/sdk/ndk/21.0.6113669/toolchains/llvm/prebuilt/darwin-x86_64/sysroot/usr/lib/x86_64-linux-android/23 -L/Users/sherryzhao/Library/Android/sdk/ndk/21.0.6113669/toolchains/llvm/prebuilt/darwin-x86_64/sysroot/usr/lib/x86_64-linux-android -L/Users/sherryzhao/Library/Android/sdk/ndk/21.0.6113669/toolchains/llvm/prebuilt/darwin-x86_64/lib/gcc/x86_64-linux-android/4.9.x/../../../../x86_64-linux-android/lib -L/Users/sherryzhao/Library/Android/sdk/ndk/21.0.6113669/toolchains/llvm/prebuilt/darwin-x86_64/sysroot/usr/lib --exclude-libs libgcc_real.a --exclude-libs libatomic.a --build-id --fatal-warnings --no-undefined --gc-sections CMakeFiles/cmTC_81f48.dir/CMakeCCompilerABI.c.o -lgcc -ldl -lc -lgcc -ldl /Users/sherryzhao/Library/Android/sdk/ndk/21.0.6113669/toolchains/llvm/prebuilt/darwin-x86_64/sysroot/usr/lib/x86_64-linux-android/23/crtend_android.o


Parsed C implicit link information from above output:
  link line regex: [^( *|.*[/\])(x86_64-linux-android-ld|([^/\]+-)?ld|collect2)[^/\]*( |$)]
  ignore line: [Change Dir: /Users/sherryzhao/Documents/GitHub/SBSFTC10738/opencv/.cxx/cmake/release/x86_64/CMakeFiles/CMakeTmp]
  ignore line: []
  ignore line: [Run Build Command:"/Users/sherryzhao/Library/Android/sdk/cmake/3.6.4111459/bin/ninja" "cmTC_81f48"]
  ignore line: [[1/2] Building C object CMakeFiles/cmTC_81f48.dir/CMakeCCompilerABI.c.o]
  ignore line: [[2/2] Linking C executable cmTC_81f48]
  ignore line: [Android (5900059 based on r365631c) clang version 9.0.8 (https://android.googlesource.com/toolchain/llvm-project 207d7abc1a2abf3ef8d4301736d6a7ebc224a290) (based on LLVM 9.0.8svn)]
  ignore line: [Target: x86_64-none-linux-android23]
  ignore line: [Thread model: posix]
  ignore line: [InstalledDir: /Users/sherryzhao/Library/Android/sdk/ndk/21.0.6113669/toolchains/llvm/prebuilt/darwin-x86_64/bin]
  ignore line: [Found candidate GCC installation: /Users/sherryzhao/Library/Android/sdk/ndk/21.0.6113669/toolchains/llvm/prebuilt/darwin-x86_64/lib/gcc/i686-linux-android/4.9.x]
  ignore line: [Found candidate GCC installation: /Users/sherryzhao/Library/Android/sdk/ndk/21.0.6113669/toolchains/llvm/prebuilt/darwin-x86_64/lib/gcc/x86_64-linux-android/4.9.x]
  ignore line: [Selected GCC installation: /Users/sherryzhao/Library/Android/sdk/ndk/21.0.6113669/toolchains/llvm/prebuilt/darwin-x86_64/lib/gcc/x86_64-linux-android/4.9.x]
  ignore line: [Candidate multilib: .]
  ignore line: [@m64]
  ignore line: [Selected multilib: .]
  ignore line: [@m64]
  link line: [ "/Users/sherryzhao/Library/Android/sdk/ndk/21.0.6113669/toolchains/llvm/prebuilt/darwin-x86_64/lib/gcc/x86_64-linux-android/4.9.x/../../../../x86_64-linux-android/bin/ld" --sysroot=/Users/sherryzhao/Library/Android/sdk/ndk/21.0.6113669/toolchains/llvm/prebuilt/darwin-x86_64/sysroot -pie -z noexecstack --warn-shared-textrel -z now -z relro --hash-style=gnu --enable-new-dtags --eh-frame-hdr -m elf_x86_64 -dynamic-linker /system/bin/linker64 -o cmTC_81f48 /Users/sherryzhao/Library/Android/sdk/ndk/21.0.6113669/toolchains/llvm/prebuilt/darwin-x86_64/sysroot/usr/lib/x86_64-linux-android/23/crtbegin_dynamic.o -L/Users/sherryzhao/Library/Android/sdk/ndk/21.0.6113669/toolchains/llvm/prebuilt/darwin-x86_64/lib64/clang/9.0.8/lib/linux/x86_64 -L/Users/sherryzhao/Library/Android/sdk/ndk/21.0.6113669/toolchains/llvm/prebuilt/darwin-x86_64/lib/gcc/x86_64-linux-android/4.9.x -L/Users/sherryzhao/Library/Android/sdk/ndk/21.0.6113669/toolchains/llvm/prebuilt/darwin-x86_64/lib/gcc/x86_64-linux-android/4.9.x/../../../../x86_64-linux-android/lib/../lib64 -L/Users/sherryzhao/Library/Android/sdk/ndk/21.0.6113669/toolchains/llvm/prebuilt/darwin-x86_64/sysroot/usr/lib/x86_64-linux-android/23 -L/Users/sherryzhao/Library/Android/sdk/ndk/21.0.6113669/toolchains/llvm/prebuilt/darwin-x86_64/sysroot/usr/lib/x86_64-linux-android -L/Users/sherryzhao/Library/Android/sdk/ndk/21.0.6113669/toolchains/llvm/prebuilt/darwin-x86_64/lib/gcc/x86_64-linux-android/4.9.x/../../../../x86_64-linux-android/lib -L/Users/sherryzhao/Library/Android/sdk/ndk/21.0.6113669/toolchains/llvm/prebuilt/darwin-x86_64/sysroot/usr/lib --exclude-libs libgcc_real.a --exclude-libs libatomic.a --build-id --fatal-warnings --no-undefined --gc-sections CMakeFiles/cmTC_81f48.dir/CMakeCCompilerABI.c.o -lgcc -ldl -lc -lgcc -ldl /Users/sherryzhao/Library/Android/sdk/ndk/21.0.6113669/toolchains/llvm/prebuilt/darwin-x86_64/sysroot/usr/lib/x86_64-linux-android/23/crtend_android.o]
    arg [/Users/sherryzhao/Library/Android/sdk/ndk/21.0.6113669/toolchains/llvm/prebuilt/darwin-x86_64/lib/gcc/x86_64-linux-android/4.9.x/../../../../x86_64-linux-android/bin/ld] ==> ignore
    arg [--sysroot=/Users/sherryzhao/Library/Android/sdk/ndk/21.0.6113669/toolchains/llvm/prebuilt/darwin-x86_64/sysroot] ==> ignore
    arg [-pie] ==> ignore
    arg [-znoexecstack] ==> ignore
    arg [--warn-shared-textrel] ==> ignore
    arg [-znow] ==> ignore
    arg [-zrelro] ==> ignore
    arg [--hash-style=gnu] ==> ignore
    arg [--enable-new-dtags] ==> ignore
    arg [--eh-frame-hdr] ==> ignore
    arg [-m] ==> ignore
    arg [elf_x86_64] ==> ignore
    arg [-dynamic-linker] ==> ignore
    arg [/system/bin/linker64] ==> ignore
    arg [-o] ==> ignore
    arg [cmTC_81f48] ==> ignore
    arg [/Users/sherryzhao/Library/Android/sdk/ndk/21.0.6113669/toolchains/llvm/prebuilt/darwin-x86_64/sysroot/usr/lib/x86_64-linux-android/23/crtbegin_dynamic.o] ==> ignore
    arg [-L/Users/sherryzhao/Library/Android/sdk/ndk/21.0.6113669/toolchains/llvm/prebuilt/darwin-x86_64/lib64/clang/9.0.8/lib/linux/x86_64] ==> dir [/Users/sherryzhao/Library/Android/sdk/ndk/21.0.6113669/toolchains/llvm/prebuilt/darwin-x86_64/lib64/clang/9.0.8/lib/linux/x86_64]
    arg [-L/Users/sherryzhao/Library/Android/sdk/ndk/21.0.6113669/toolchains/llvm/prebuilt/darwin-x86_64/lib/gcc/x86_64-linux-android/4.9.x] ==> dir [/Users/sherryzhao/Library/Android/sdk/ndk/21.0.6113669/toolchains/llvm/prebuilt/darwin-x86_64/lib/gcc/x86_64-linux-android/4.9.x]
    arg [-L/Users/sherryzhao/Library/Android/sdk/ndk/21.0.6113669/toolchains/llvm/prebuilt/darwin-x86_64/lib/gcc/x86_64-linux-android/4.9.x/../../../../x86_64-linux-android/lib/../lib64] ==> dir [/Users/sherryzhao/Library/Android/sdk/ndk/21.0.6113669/toolchains/llvm/prebuilt/darwin-x86_64/lib/gcc/x86_64-linux-android/4.9.x/../../../../x86_64-linux-android/lib/../lib64]
    arg [-L/Users/sherryzhao/Library/Android/sdk/ndk/21.0.6113669/toolchains/llvm/prebuilt/darwin-x86_64/sysroot/usr/lib/x86_64-linux-android/23] ==> dir [/Users/sherryzhao/Library/Android/sdk/ndk/21.0.6113669/toolchains/llvm/prebuilt/darwin-x86_64/sysroot/usr/lib/x86_64-linux-android/23]
    arg [-L/Users/sherryzhao/Library/Android/sdk/ndk/21.0.6113669/toolchains/llvm/prebuilt/darwin-x86_64/sysroot/usr/lib/x86_64-linux-android] ==> dir [/Users/sherryzhao/Library/Android/sdk/ndk/21.0.6113669/toolchains/llvm/prebuilt/darwin-x86_64/sysroot/usr/lib/x86_64-linux-android]
    arg [-L/Users/sherryzhao/Library/Android/sdk/ndk/21.0.6113669/toolchains/llvm/prebuilt/darwin-x86_64/lib/gcc/x86_64-linux-android/4.9.x/../../../../x86_64-linux-android/lib] ==> dir [/Users/sherryzhao/Library/Android/sdk/ndk/21.0.6113669/toolchains/llvm/prebuilt/darwin-x86_64/lib/gcc/x86_64-linux-android/4.9.x/../../../../x86_64-linux-android/lib]
    arg [-L/Users/sherryzhao/Library/Android/sdk/ndk/21.0.6113669/toolchains/llvm/prebuilt/darwin-x86_64/sysroot/usr/lib] ==> dir [/Users/sherryzhao/Library/Android/sdk/ndk/21.0.6113669/toolchains/llvm/prebuilt/darwin-x86_64/sysroot/usr/lib]
    arg [--exclude-libs] ==> ignore
    arg [libgcc_real.a] ==> ignore
    arg [--exclude-libs] ==> ignore
    arg [libatomic.a] ==> ignore
    arg [--build-id] ==> ignore
    arg [--fatal-warnings] ==> ignore
    arg [--no-undefined] ==> ignore
    arg [--gc-sections] ==> ignore
    arg [CMakeFiles/cmTC_81f48.dir/CMakeCCompilerABI.c.o] ==> ignore
    arg [-lgcc] ==> lib [gcc]
    arg [-ldl] ==> lib [dl]
    arg [-lc] ==> lib [c]
    arg [-lgcc] ==> lib [gcc]
    arg [-ldl] ==> lib [dl]
    arg [/Users/sherryzhao/Library/Android/sdk/ndk/21.0.6113669/toolchains/llvm/prebuilt/darwin-x86_64/sysroot/usr/lib/x86_64-linux-android/23/crtend_android.o] ==> ignore
  remove lib [gcc]
  remove lib [gcc]
  collapse library dir [/Users/sherryzhao/Library/Android/sdk/ndk/21.0.6113669/toolchains/llvm/prebuilt/darwin-x86_64/lib64/clang/9.0.8/lib/linux/x86_64] ==> [/Users/sherryzhao/Library/Android/sdk/ndk/21.0.6113669/toolchains/llvm/prebuilt/darwin-x86_64/lib64/clang/9.0.8/lib/linux/x86_64]
  collapse library dir [/Users/sherryzhao/Library/Android/sdk/ndk/21.0.6113669/toolchains/llvm/prebuilt/darwin-x86_64/lib/gcc/x86_64-linux-android/4.9.x] ==> [/Users/sherryzhao/Library/Android/sdk/ndk/21.0.6113669/toolchains/llvm/prebuilt/darwin-x86_64/lib/gcc/x86_64-linux-android/4.9.x]
  collapse library dir [/Users/sherryzhao/Library/Android/sdk/ndk/21.0.6113669/toolchains/llvm/prebuilt/darwin-x86_64/lib/gcc/x86_64-linux-android/4.9.x/../../../../x86_64-linux-android/lib/../lib64] ==> [/Users/sherryzhao/Library/Android/sdk/ndk/21.0.6113669/toolchains/llvm/prebuilt/darwin-x86_64/x86_64-linux-android/lib64]
  collapse library dir [/Users/sherryzhao/Library/Android/sdk/ndk/21.0.6113669/toolchains/llvm/prebuilt/darwin-x86_64/sysroot/usr/lib/x86_64-linux-android/23] ==> [/Users/sherryzhao/Library/Android/sdk/ndk/21.0.6113669/toolchains/llvm/prebuilt/darwin-x86_64/sysroot/usr/lib/x86_64-linux-android/23]
  collapse library dir [/Users/sherryzhao/Library/Android/sdk/ndk/21.0.6113669/toolchains/llvm/prebuilt/darwin-x86_64/sysroot/usr/lib/x86_64-linux-android] ==> [/Users/sherryzhao/Library/Android/sdk/ndk/21.0.6113669/toolchains/llvm/prebuilt/darwin-x86_64/sysroot/usr/lib/x86_64-linux-android]
  collapse library dir [/Users/sherryzhao/Library/Android/sdk/ndk/21.0.6113669/toolchains/llvm/prebuilt/darwin-x86_64/lib/gcc/x86_64-linux-android/4.9.x/../../../../x86_64-linux-android/lib] ==> [/Users/sherryzhao/Library/Android/sdk/ndk/21.0.6113669/toolchains/llvm/prebuilt/darwin-x86_64/x86_64-linux-android/lib]
  collapse library dir [/Users/sherryzhao/Library/Android/sdk/ndk/21.0.6113669/toolchains/llvm/prebuilt/darwin-x86_64/sysroot/usr/lib] ==> [/Users/sherryzhao/Library/Android/sdk/ndk/21.0.6113669/toolchains/llvm/prebuilt/darwin-x86_64/sysroot/usr/lib]
  implicit libs: [dl;c;dl]
  implicit dirs: [/Users/sherryzhao/Library/Android/sdk/ndk/21.0.6113669/toolchains/llvm/prebuilt/darwin-x86_64/lib64/clang/9.0.8/lib/linux/x86_64;/Users/sherryzhao/Library/Android/sdk/ndk/21.0.6113669/toolchains/llvm/prebuilt/darwin-x86_64/lib/gcc/x86_64-linux-android/4.9.x;/Users/sherryzhao/Library/Android/sdk/ndk/21.0.6113669/toolchains/llvm/prebuilt/darwin-x86_64/x86_64-linux-android/lib64;/Users/sherryzhao/Library/Android/sdk/ndk/21.0.6113669/toolchains/llvm/prebuilt/darwin-x86_64/sysroot/usr/lib/x86_64-linux-android/23;/Users/sherryzhao/Library/Android/sdk/ndk/21.0.6113669/toolchains/llvm/prebuilt/darwin-x86_64/sysroot/usr/lib/x86_64-linux-android;/Users/sherryzhao/Library/Android/sdk/ndk/21.0.6113669/toolchains/llvm/prebuilt/darwin-x86_64/x86_64-linux-android/lib;/Users/sherryzhao/Library/Android/sdk/ndk/21.0.6113669/toolchains/llvm/prebuilt/darwin-x86_64/sysroot/usr/lib]
  implicit fwks: []




Detecting C [-std=c11] compiler features compiled with the following output:
Change Dir: /Users/sherryzhao/Documents/GitHub/SBSFTC10738/opencv/.cxx/cmake/release/x86_64/CMakeFiles/CMakeTmp

Run Build Command:"/Users/sherryzhao/Library/Android/sdk/cmake/3.6.4111459/bin/ninja" "cmTC_3d98d"
[1/2] Building C object CMakeFiles/cmTC_3d98d.dir/feature_tests.c.o
[2/2] Linking C executable cmTC_3d98d


    Feature record: C_FEATURE:1c_function_prototypes
    Feature record: C_FEATURE:1c_restrict
    Feature record: C_FEATURE:1c_static_assert
    Feature record: C_FEATURE:1c_variadic_macros


Detecting C [-std=c99] compiler features compiled with the following output:
Change Dir: /Users/sherryzhao/Documents/GitHub/SBSFTC10738/opencv/.cxx/cmake/release/x86_64/CMakeFiles/CMakeTmp

Run Build Command:"/Users/sherryzhao/Library/Android/sdk/cmake/3.6.4111459/bin/ninja" "cmTC_d6ba1"
[1/2] Building C object CMakeFiles/cmTC_d6ba1.dir/feature_tests.c.o
[2/2] Linking C executable cmTC_d6ba1


    Feature record: C_FEATURE:1c_function_prototypes
    Feature record: C_FEATURE:1c_restrict
    Feature record: C_FEATURE:0c_static_assert
    Feature record: C_FEATURE:1c_variadic_macros


Detecting C [-std=c90] compiler features compiled with the following output:
Change Dir: /Users/sherryzhao/Documents/GitHub/SBSFTC10738/opencv/.cxx/cmake/release/x86_64/CMakeFiles/CMakeTmp

Run Build Command:"/Users/sherryzhao/Library/Android/sdk/cmake/3.6.4111459/bin/ninja" "cmTC_0dd43"
[1/2] Building C object CMakeFiles/cmTC_0dd43.dir/feature_tests.c.o
[2/2] Linking C executable cmTC_0dd43


    Feature record: C_FEATURE:1c_function_prototypes
    Feature record: C_FEATURE:0c_restrict
    Feature record: C_FEATURE:0c_static_assert
    Feature record: C_FEATURE:0c_variadic_macros
Determining if the CXX compiler works passed with the following output:
Change Dir: /Users/sherryzhao/Documents/GitHub/SBSFTC10738/opencv/.cxx/cmake/release/x86_64/CMakeFiles/CMakeTmp

Run Build Command:"/Users/sherryzhao/Library/Android/sdk/cmake/3.6.4111459/bin/ninja" "cmTC_e6c76"
[1/2] Building CXX object CMakeFiles/cmTC_e6c76.dir/testCXXCompiler.cxx.o
[2/2] Linking CXX executable cmTC_e6c76


Detecting CXX compiler ABI info compiled with the following output:
Change Dir: /Users/sherryzhao/Documents/GitHub/SBSFTC10738/opencv/.cxx/cmake/release/x86_64/CMakeFiles/CMakeTmp

Run Build Command:"/Users/sherryzhao/Library/Android/sdk/cmake/3.6.4111459/bin/ninja" "cmTC_65816"
[1/2] Building CXX object CMakeFiles/cmTC_65816.dir/CMakeCXXCompilerABI.cpp.o
[2/2] Linking CXX executable cmTC_65816
Android (5900059 based on r365631c) clang version 9.0.8 (https://android.googlesource.com/toolchain/llvm-project 207d7abc1a2abf3ef8d4301736d6a7ebc224a290) (based on LLVM 9.0.8svn)
Target: x86_64-none-linux-android23
Thread model: posix
InstalledDir: /Users/sherryzhao/Library/Android/sdk/ndk/21.0.6113669/toolchains/llvm/prebuilt/darwin-x86_64/bin
Found candidate GCC installation: /Users/sherryzhao/Library/Android/sdk/ndk/21.0.6113669/toolchains/llvm/prebuilt/darwin-x86_64/lib/gcc/i686-linux-android/4.9.x
Found candidate GCC installation: /Users/sherryzhao/Library/Android/sdk/ndk/21.0.6113669/toolchains/llvm/prebuilt/darwin-x86_64/lib/gcc/x86_64-linux-android/4.9.x
Selected GCC installation: /Users/sherryzhao/Library/Android/sdk/ndk/21.0.6113669/toolchains/llvm/prebuilt/darwin-x86_64/lib/gcc/x86_64-linux-android/4.9.x
Candidate multilib: .;@m64
Selected multilib: .;@m64
 "/Users/sherryzhao/Library/Android/sdk/ndk/21.0.6113669/toolchains/llvm/prebuilt/darwin-x86_64/lib/gcc/x86_64-linux-android/4.9.x/../../../../x86_64-linux-android/bin/ld" --sysroot=/Users/sherryzhao/Library/Android/sdk/ndk/21.0.6113669/toolchains/llvm/prebuilt/darwin-x86_64/sysroot -pie -z noexecstack --warn-shared-textrel -z now -z relro --hash-style=gnu --enable-new-dtags --eh-frame-hdr -m elf_x86_64 -dynamic-linker /system/bin/linker64 -o cmTC_65816 /Users/sherryzhao/Library/Android/sdk/ndk/21.0.6113669/toolchains/llvm/prebuilt/darwin-x86_64/sysroot/usr/lib/x86_64-linux-android/23/crtbegin_dynamic.o -L/Users/sherryzhao/Library/Android/sdk/ndk/21.0.6113669/toolchains/llvm/prebuilt/darwin-x86_64/lib64/clang/9.0.8/lib/linux/x86_64 -L/Users/sherryzhao/Library/Android/sdk/ndk/21.0.6113669/toolchains/llvm/prebuilt/darwin-x86_64/lib/gcc/x86_64-linux-android/4.9.x -L/Users/sherryzhao/Library/Android/sdk/ndk/21.0.6113669/toolchains/llvm/prebuilt/darwin-x86_64/lib/gcc/x86_64-linux-android/4.9.x/../../../../x86_64-linux-android/lib/../lib64 -L/Users/sherryzhao/Library/Android/sdk/ndk/21.0.6113669/toolchains/llvm/prebuilt/darwin-x86_64/sysroot/usr/lib/x86_64-linux-android/23 -L/Users/sherryzhao/Library/Android/sdk/ndk/21.0.6113669/toolchains/llvm/prebuilt/darwin-x86_64/sysroot/usr/lib/x86_64-linux-android -L/Users/sherryzhao/Library/Android/sdk/ndk/21.0.6113669/toolchains/llvm/prebuilt/darwin-x86_64/lib/gcc/x86_64-linux-android/4.9.x/../../../../x86_64-linux-android/lib -L/Users/sherryzhao/Library/Android/sdk/ndk/21.0.6113669/toolchains/llvm/prebuilt/darwin-x86_64/sysroot/usr/lib --exclude-libs libgcc_real.a --exclude-libs libatomic.a --build-id --fatal-warnings --no-undefined --gc-sections CMakeFiles/cmTC_65816.dir/CMakeCXXCompilerABI.cpp.o -lc++ -lm -lgcc -ldl -lc -lgcc -ldl /Users/sherryzhao/Library/Android/sdk/ndk/21.0.6113669/toolchains/llvm/prebuilt/darwin-x86_64/sysroot/usr/lib/x86_64-linux-android/23/crtend_android.o


Parsed CXX implicit link information from above output:
  link line regex: [^( *|.*[/\])(x86_64-linux-android-ld|([^/\]+-)?ld|collect2)[^/\]*( |$)]
  ignore line: [Change Dir: /Users/sherryzhao/Documents/GitHub/SBSFTC10738/opencv/.cxx/cmake/release/x86_64/CMakeFiles/CMakeTmp]
  ignore line: []
  ignore line: [Run Build Command:"/Users/sherryzhao/Library/Android/sdk/cmake/3.6.4111459/bin/ninja" "cmTC_65816"]
  ignore line: [[1/2] Building CXX object CMakeFiles/cmTC_65816.dir/CMakeCXXCompilerABI.cpp.o]
  ignore line: [[2/2] Linking CXX executable cmTC_65816]
  ignore line: [Android (5900059 based on r365631c) clang version 9.0.8 (https://android.googlesource.com/toolchain/llvm-project 207d7abc1a2abf3ef8d4301736d6a7ebc224a290) (based on LLVM 9.0.8svn)]
  ignore line: [Target: x86_64-none-linux-android23]
  ignore line: [Thread model: posix]
  ignore line: [InstalledDir: /Users/sherryzhao/Library/Android/sdk/ndk/21.0.6113669/toolchains/llvm/prebuilt/darwin-x86_64/bin]
  ignore line: [Found candidate GCC installation: /Users/sherryzhao/Library/Android/sdk/ndk/21.0.6113669/toolchains/llvm/prebuilt/darwin-x86_64/lib/gcc/i686-linux-android/4.9.x]
  ignore line: [Found candidate GCC installation: /Users/sherryzhao/Library/Android/sdk/ndk/21.0.6113669/toolchains/llvm/prebuilt/darwin-x86_64/lib/gcc/x86_64-linux-android/4.9.x]
  ignore line: [Selected GCC installation: /Users/sherryzhao/Library/Android/sdk/ndk/21.0.6113669/toolchains/llvm/prebuilt/darwin-x86_64/lib/gcc/x86_64-linux-android/4.9.x]
  ignore line: [Candidate multilib: .]
  ignore line: [@m64]
  ignore line: [Selected multilib: .]
  ignore line: [@m64]
  link line: [ "/Users/sherryzhao/Library/Android/sdk/ndk/21.0.6113669/toolchains/llvm/prebuilt/darwin-x86_64/lib/gcc/x86_64-linux-android/4.9.x/../../../../x86_64-linux-android/bin/ld" --sysroot=/Users/sherryzhao/Library/Android/sdk/ndk/21.0.6113669/toolchains/llvm/prebuilt/darwin-x86_64/sysroot -pie -z noexecstack --warn-shared-textrel -z now -z relro --hash-style=gnu --enable-new-dtags --eh-frame-hdr -m elf_x86_64 -dynamic-linker /system/bin/linker64 -o cmTC_65816 /Users/sherryzhao/Library/Android/sdk/ndk/21.0.6113669/toolchains/llvm/prebuilt/darwin-x86_64/sysroot/usr/lib/x86_64-linux-android/23/crtbegin_dynamic.o -L/Users/sherryzhao/Library/Android/sdk/ndk/21.0.6113669/toolchains/llvm/prebuilt/darwin-x86_64/lib64/clang/9.0.8/lib/linux/x86_64 -L/Users/sherryzhao/Library/Android/sdk/ndk/21.0.6113669/toolchains/llvm/prebuilt/darwin-x86_64/lib/gcc/x86_64-linux-android/4.9.x -L/Users/sherryzhao/Library/Android/sdk/ndk/21.0.6113669/toolchains/llvm/prebuilt/darwin-x86_64/lib/gcc/x86_64-linux-android/4.9.x/../../../../x86_64-linux-android/lib/../lib64 -L/Users/sherryzhao/Library/Android/sdk/ndk/21.0.6113669/toolchains/llvm/prebuilt/darwin-x86_64/sysroot/usr/lib/x86_64-linux-android/23 -L/Users/sherryzhao/Library/Android/sdk/ndk/21.0.6113669/toolchains/llvm/prebuilt/darwin-x86_64/sysroot/usr/lib/x86_64-linux-android -L/Users/sherryzhao/Library/Android/sdk/ndk/21.0.6113669/toolchains/llvm/prebuilt/darwin-x86_64/lib/gcc/x86_64-linux-android/4.9.x/../../../../x86_64-linux-android/lib -L/Users/sherryzhao/Library/Android/sdk/ndk/21.0.6113669/toolchains/llvm/prebuilt/darwin-x86_64/sysroot/usr/lib --exclude-libs libgcc_real.a --exclude-libs libatomic.a --build-id --fatal-warnings --no-undefined --gc-sections CMakeFiles/cmTC_65816.dir/CMakeCXXCompilerABI.cpp.o -lc++ -lm -lgcc -ldl -lc -lgcc -ldl /Users/sherryzhao/Library/Android/sdk/ndk/21.0.6113669/toolchains/llvm/prebuilt/darwin-x86_64/sysroot/usr/lib/x86_64-linux-android/23/crtend_android.o]
    arg [/Users/sherryzhao/Library/Android/sdk/ndk/21.0.6113669/toolchains/llvm/prebuilt/darwin-x86_64/lib/gcc/x86_64-linux-android/4.9.x/../../../../x86_64-linux-android/bin/ld] ==> ignore
    arg [--sysroot=/Users/sherryzhao/Library/Android/sdk/ndk/21.0.6113669/toolchains/llvm/prebuilt/darwin-x86_64/sysroot] ==> ignore
    arg [-pie] ==> ignore
    arg [-znoexecstack] ==> ignore
    arg [--warn-shared-textrel] ==> ignore
    arg [-znow] ==> ignore
    arg [-zrelro] ==> ignore
    arg [--hash-style=gnu] ==> ignore
    arg [--enable-new-dtags] ==> ignore
    arg [--eh-frame-hdr] ==> ignore
    arg [-m] ==> ignore
    arg [elf_x86_64] ==> ignore
    arg [-dynamic-linker] ==> ignore
    arg [/system/bin/linker64] ==> ignore
    arg [-o] ==> ignore
    arg [cmTC_65816] ==> ignore
    arg [/Users/sherryzhao/Library/Android/sdk/ndk/21.0.6113669/toolchains/llvm/prebuilt/darwin-x86_64/sysroot/usr/lib/x86_64-linux-android/23/crtbegin_dynamic.o] ==> ignore
    arg [-L/Users/sherryzhao/Library/Android/sdk/ndk/21.0.6113669/toolchains/llvm/prebuilt/darwin-x86_64/lib64/clang/9.0.8/lib/linux/x86_64] ==> dir [/Users/sherryzhao/Library/Android/sdk/ndk/21.0.6113669/toolchains/llvm/prebuilt/darwin-x86_64/lib64/clang/9.0.8/lib/linux/x86_64]
    arg [-L/Users/sherryzhao/Library/Android/sdk/ndk/21.0.6113669/toolchains/llvm/prebuilt/darwin-x86_64/lib/gcc/x86_64-linux-android/4.9.x] ==> dir [/Users/sherryzhao/Library/Android/sdk/ndk/21.0.6113669/toolchains/llvm/prebuilt/darwin-x86_64/lib/gcc/x86_64-linux-android/4.9.x]
    arg [-L/Users/sherryzhao/Library/Android/sdk/ndk/21.0.6113669/toolchains/llvm/prebuilt/darwin-x86_64/lib/gcc/x86_64-linux-android/4.9.x/../../../../x86_64-linux-android/lib/../lib64] ==> dir [/Users/sherryzhao/Library/Android/sdk/ndk/21.0.6113669/toolchains/llvm/prebuilt/darwin-x86_64/lib/gcc/x86_64-linux-android/4.9.x/../../../../x86_64-linux-android/lib/../lib64]
    arg [-L/Users/sherryzhao/Library/Android/sdk/ndk/21.0.6113669/toolchains/llvm/prebuilt/darwin-x86_64/sysroot/usr/lib/x86_64-linux-android/23] ==> dir [/Users/sherryzhao/Library/Android/sdk/ndk/21.0.6113669/toolchains/llvm/prebuilt/darwin-x86_64/sysroot/usr/lib/x86_64-linux-android/23]
    arg [-L/Users/sherryzhao/Library/Android/sdk/ndk/21.0.6113669/toolchains/llvm/prebuilt/darwin-x86_64/sysroot/usr/lib/x86_64-linux-android] ==> dir [/Users/sherryzhao/Library/Android/sdk/ndk/21.0.6113669/toolchains/llvm/prebuilt/darwin-x86_64/sysroot/usr/lib/x86_64-linux-android]
    arg [-L/Users/sherryzhao/Library/Android/sdk/ndk/21.0.6113669/toolchains/llvm/prebuilt/darwin-x86_64/lib/gcc/x86_64-linux-android/4.9.x/../../../../x86_64-linux-android/lib] ==> dir [/Users/sherryzhao/Library/Android/sdk/ndk/21.0.6113669/toolchains/llvm/prebuilt/darwin-x86_64/lib/gcc/x86_64-linux-android/4.9.x/../../../../x86_64-linux-android/lib]
    arg [-L/Users/sherryzhao/Library/Android/sdk/ndk/21.0.6113669/toolchains/llvm/prebuilt/darwin-x86_64/sysroot/usr/lib] ==> dir [/Users/sherryzhao/Library/Android/sdk/ndk/21.0.6113669/toolchains/llvm/prebuilt/darwin-x86_64/sysroot/usr/lib]
    arg [--exclude-libs] ==> ignore
    arg [libgcc_real.a] ==> ignore
    arg [--exclude-libs] ==> ignore
    arg [libatomic.a] ==> ignore
    arg [--build-id] ==> ignore
    arg [--fatal-warnings] ==> ignore
    arg [--no-undefined] ==> ignore
    arg [--gc-sections] ==> ignore
    arg [CMakeFiles/cmTC_65816.dir/CMakeCXXCompilerABI.cpp.o] ==> ignore
    arg [-lc++] ==> lib [c++]
    arg [-lm] ==> lib [m]
    arg [-lgcc] ==> lib [gcc]
    arg [-ldl] ==> lib [dl]
    arg [-lc] ==> lib [c]
    arg [-lgcc] ==> lib [gcc]
    arg [-ldl] ==> lib [dl]
    arg [/Users/sherryzhao/Library/Android/sdk/ndk/21.0.6113669/toolchains/llvm/prebuilt/darwin-x86_64/sysroot/usr/lib/x86_64-linux-android/23/crtend_android.o] ==> ignore
  remove lib [gcc]
  remove lib [gcc]
  collapse library dir [/Users/sherryzhao/Library/Android/sdk/ndk/21.0.6113669/toolchains/llvm/prebuilt/darwin-x86_64/lib64/clang/9.0.8/lib/linux/x86_64] ==> [/Users/sherryzhao/Library/Android/sdk/ndk/21.0.6113669/toolchains/llvm/prebuilt/darwin-x86_64/lib64/clang/9.0.8/lib/linux/x86_64]
  collapse library dir [/Users/sherryzhao/Library/Android/sdk/ndk/21.0.6113669/toolchains/llvm/prebuilt/darwin-x86_64/lib/gcc/x86_64-linux-android/4.9.x] ==> [/Users/sherryzhao/Library/Android/sdk/ndk/21.0.6113669/toolchains/llvm/prebuilt/darwin-x86_64/lib/gcc/x86_64-linux-android/4.9.x]
  collapse library dir [/Users/sherryzhao/Library/Android/sdk/ndk/21.0.6113669/toolchains/llvm/prebuilt/darwin-x86_64/lib/gcc/x86_64-linux-android/4.9.x/../../../../x86_64-linux-android/lib/../lib64] ==> [/Users/sherryzhao/Library/Android/sdk/ndk/21.0.6113669/toolchains/llvm/prebuilt/darwin-x86_64/x86_64-linux-android/lib64]
  collapse library dir [/Users/sherryzhao/Library/Android/sdk/ndk/21.0.6113669/toolchains/llvm/prebuilt/darwin-x86_64/sysroot/usr/lib/x86_64-linux-android/23] ==> [/Users/sherryzhao/Library/Android/sdk/ndk/21.0.6113669/toolchains/llvm/prebuilt/darwin-x86_64/sysroot/usr/lib/x86_64-linux-android/23]
  collapse library dir [/Users/sherryzhao/Library/Android/sdk/ndk/21.0.6113669/toolchains/llvm/prebuilt/darwin-x86_64/sysroot/usr/lib/x86_64-linux-android] ==> [/Users/sherryzhao/Library/Android/sdk/ndk/21.0.6113669/toolchains/llvm/prebuilt/darwin-x86_64/sysroot/usr/lib/x86_64-linux-android]
  collapse library dir [/Users/sherryzhao/Library/Android/sdk/ndk/21.0.6113669/toolchains/llvm/prebuilt/darwin-x86_64/lib/gcc/x86_64-linux-android/4.9.x/../../../../x86_64-linux-android/lib] ==> [/Users/sherryzhao/Library/Android/sdk/ndk/21.0.6113669/toolchains/llvm/prebuilt/darwin-x86_64/x86_64-linux-android/lib]
  collapse library dir [/Users/sherryzhao/Library/Android/sdk/ndk/21.0.6113669/toolchains/llvm/prebuilt/darwin-x86_64/sysroot/usr/lib] ==> [/Users/sherryzhao/Library/Android/sdk/ndk/21.0.6113669/toolchains/llvm/prebuilt/darwin-x86_64/sysroot/usr/lib]
  implicit libs: [c++;m;dl;c;dl]
  implicit dirs: [/Users/sherryzhao/Library/Android/sdk/ndk/21.0.6113669/toolchains/llvm/prebuilt/darwin-x86_64/lib64/clang/9.0.8/lib/linux/x86_64;/Users/sherryzhao/Library/Android/sdk/ndk/21.0.6113669/toolchains/llvm/prebuilt/darwin-x86_64/lib/gcc/x86_64-linux-android/4.9.x;/Users/sherryzhao/Library/Android/sdk/ndk/21.0.6113669/toolchains/llvm/prebuilt/darwin-x86_64/x86_64-linux-android/lib64;/Users/sherryzhao/Library/Android/sdk/ndk/21.0.6113669/toolchains/llvm/prebuilt/darwin-x86_64/sysroot/usr/lib/x86_64-linux-android/23;/Users/sherryzhao/Library/Android/sdk/ndk/21.0.6113669/toolchains/llvm/prebuilt/darwin-x86_64/sysroot/usr/lib/x86_64-linux-android;/Users/sherryzhao/Library/Android/sdk/ndk/21.0.6113669/toolchains/llvm/prebuilt/darwin-x86_64/x86_64-linux-android/lib;/Users/sherryzhao/Library/Android/sdk/ndk/21.0.6113669/toolchains/llvm/prebuilt/darwin-x86_64/sysroot/usr/lib]
  implicit fwks: []




Detecting CXX [-std=c++14] compiler features compiled with the following output:
Change Dir: /Users/sherryzhao/Documents/GitHub/SBSFTC10738/opencv/.cxx/cmake/release/x86_64/CMakeFiles/CMakeTmp

Run Build Command:"/Users/sherryzhao/Library/Android/sdk/cmake/3.6.4111459/bin/ninja" "cmTC_a5565"
[1/2] Building CXX object CMakeFiles/cmTC_a5565.dir/feature_tests.cxx.o
[2/2] Linking CXX executable cmTC_a5565


    Feature record: CXX_FEATURE:1cxx_aggregate_default_initializers
    Feature record: CXX_FEATURE:1cxx_alias_templates
    Feature record: CXX_FEATURE:1cxx_alignas
    Feature record: CXX_FEATURE:1cxx_alignof
    Feature record: CXX_FEATURE:1cxx_attributes
    Feature record: CXX_FEATURE:1cxx_attribute_deprecated
    Feature record: CXX_FEATURE:1cxx_auto_type
    Feature record: CXX_FEATURE:1cxx_binary_literals
    Feature record: CXX_FEATURE:1cxx_constexpr
    Feature record: CXX_FEATURE:1cxx_contextual_conversions
    Feature record: CXX_FEATURE:1cxx_decltype
    Feature record: CXX_FEATURE:1cxx_decltype_auto
    Feature record: CXX_FEATURE:1cxx_decltype_incomplete_return_types
    Feature record: CXX_FEATURE:1cxx_default_function_template_args
    Feature record: CXX_FEATURE:1cxx_defaulted_functions
    Feature record: CXX_FEATURE:1cxx_defaulted_move_initializers
    Feature record: CXX_FEATURE:1cxx_delegating_constructors
    Feature record: CXX_FEATURE:1cxx_deleted_functions
    Feature record: CXX_FEATURE:1cxx_digit_separators
    Feature record: CXX_FEATURE:1cxx_enum_forward_declarations
    Feature record: CXX_FEATURE:1cxx_explicit_conversions
    Feature record: CXX_FEATURE:1cxx_extended_friend_declarations
    Feature record: CXX_FEATURE:1cxx_extern_templates
    Feature record: CXX_FEATURE:1cxx_final
    Feature record: CXX_FEATURE:1cxx_func_identifier
    Feature record: CXX_FEATURE:1cxx_generalized_initializers
    Feature record: CXX_FEATURE:1cxx_generic_lambdas
    Feature record: CXX_FEATURE:1cxx_inheriting_constructors
    Feature record: CXX_FEATURE:1cxx_inline_namespaces
    Feature record: CXX_FEATURE:1cxx_lambdas
    Feature record: CXX_FEATURE:1cxx_lambda_init_captures
    Feature record: CXX_FEATURE:1cxx_local_type_template_args
    Feature record: CXX_FEATURE:1cxx_long_long_type
    Feature record: CXX_FEATURE:1cxx_noexcept
    Feature record: CXX_FEATURE:1cxx_nonstatic_member_init
    Feature record: CXX_FEATURE:1cxx_nullptr
    Feature record: CXX_FEATURE:1cxx_override
    Feature record: CXX_FEATURE:1cxx_range_for
    Feature record: CXX_FEATURE:1cxx_raw_string_literals
    Feature record: CXX_FEATURE:1cxx_reference_qualified_functions
    Feature record: CXX_FEATURE:1cxx_relaxed_constexpr
    Feature record: CXX_FEATURE:1cxx_return_type_deduction
    Feature record: CXX_FEATURE:1cxx_right_angle_brackets
    Feature record: CXX_FEATURE:1cxx_rvalue_references
    Feature record: CXX_FEATURE:1cxx_sizeof_member
    Feature record: CXX_FEATURE:1cxx_static_assert
    Feature record: CXX_FEATURE:1cxx_strong_enums
    Feature record: CXX_FEATURE:1cxx_template_template_parameters
    Feature record: CXX_FEATURE:1cxx_thread_local
    Feature record: CXX_FEATURE:1cxx_trailing_return_types
    Feature record: CXX_FEATURE:1cxx_unicode_literals
    Feature record: CXX_FEATURE:1cxx_uniform_initialization
    Feature record: CXX_FEATURE:1cxx_unrestricted_unions
    Feature record: CXX_FEATURE:1cxx_user_literals
    Feature record: CXX_FEATURE:1cxx_variable_templates
    Feature record: CXX_FEATURE:1cxx_variadic_macros
    Feature record: CXX_FEATURE:1cxx_variadic_templates


Detecting CXX [-std=c++11] compiler features compiled with the following output:
Change Dir: /Users/sherryzhao/Documents/GitHub/SBSFTC10738/opencv/.cxx/cmake/release/x86_64/CMakeFiles/CMakeTmp

Run Build Command:"/Users/sherryzhao/Library/Android/sdk/cmake/3.6.4111459/bin/ninja" "cmTC_3723b"
[1/2] Building CXX object CMakeFiles/cmTC_3723b.dir/feature_tests.cxx.o
[2/2] Linking CXX executable cmTC_3723b


    Feature record: CXX_FEATURE:0cxx_aggregate_default_initializers
    Feature record: CXX_FEATURE:1cxx_alias_templates
    Feature record: CXX_FEATURE:1cxx_alignas
    Feature record: CXX_FEATURE:1cxx_alignof
    Feature record: CXX_FEATURE:1cxx_attributes
    Feature record: CXX_FEATURE:0cxx_attribute_deprecated
    Feature record: CXX_FEATURE:1cxx_auto_type
    Feature record: CXX_FEATURE:0cxx_binary_literals
    Feature record: CXX_FEATURE:1cxx_constexpr
    Feature record: CXX_FEATURE:0cxx_contextual_conversions
    Feature record: CXX_FEATURE:1cxx_decltype
    Feature record: CXX_FEATURE:0cxx_decltype_auto
    Feature record: CXX_FEATURE:1cxx_decltype_incomplete_return_types
    Feature record: CXX_FEATURE:1cxx_default_function_template_args
    Feature record: CXX_FEATURE:1cxx_defaulted_functions
    Feature record: CXX_FEATURE:1cxx_defaulted_move_initializers
    Feature record: CXX_FEATURE:1cxx_delegating_constructors
    Feature record: CXX_FEATURE:1cxx_deleted_functions
    Feature record: CXX_FEATURE:0cxx_digit_separators
    Feature record: CXX_FEATURE:1cxx_enum_forward_declarations
    Feature record: CXX_FEATURE:1cxx_explicit_conversions
    Feature record: CXX_FEATURE:1cxx_extended_friend_declarations
    Feature record: CXX_FEATURE:1cxx_extern_templates
    Feature record: CXX_FEATURE:1cxx_final
    Feature record: CXX_FEATURE:1cxx_func_identifier
    Feature record: CXX_FEATURE:1cxx_generalized_initializers
    Feature record: CXX_FEATURE:0cxx_generic_lambdas
    Feature record: CXX_FEATURE:1cxx_inheriting_constructors
    Feature record: CXX_FEATURE:1cxx_inline_namespaces
    Feature record: CXX_FEATURE:1cxx_lambdas
    Feature record: CXX_FEATURE:0cxx_lambda_init_captures
    Feature record: CXX_FEATURE:1cxx_local_type_template_args
    Feature record: CXX_FEATURE:1cxx_long_long_type
    Feature record: CXX_FEATURE:1cxx_noexcept
    Feature record: CXX_FEATURE:1cxx_nonstatic_member_init
    Feature record: CXX_FEATURE:1cxx_nullptr
    Feature record: CXX_FEATURE:1cxx_override
    Feature record: CXX_FEATURE:1cxx_range_for
    Feature record: CXX_FEATURE:1cxx_raw_string_literals
    Feature record: CXX_FEATURE:1cxx_reference_qualified_functions
    Feature record: CXX_FEATURE:0cxx_relaxed_constexpr
    Feature record: CXX_FEATURE:0cxx_return_type_deduction
    Feature record: CXX_FEATURE:1cxx_right_angle_brackets
    Feature record: CXX_FEATURE:1cxx_rvalue_references
    Feature record: CXX_FEATURE:1cxx_sizeof_member
    Feature record: CXX_FEATURE:1cxx_static_assert
    Feature record: CXX_FEATURE:1cxx_strong_enums
    Feature record: CXX_FEATURE:1cxx_template_template_parameters
    Feature record: CXX_FEATURE:1cxx_thread_local
    Feature record: CXX_FEATURE:1cxx_trailing_return_types
    Feature record: CXX_FEATURE:1cxx_unicode_literals
    Feature record: CXX_FEATURE:1cxx_uniform_initialization
    Feature record: CXX_FEATURE:1cxx_unrestricted_unions
    Feature record: CXX_FEATURE:1cxx_user_literals
    Feature record: CXX_FEATURE:0cxx_variable_templates
    Feature record: CXX_FEATURE:1cxx_variadic_macros
    Feature record: CXX_FEATURE:1cxx_variadic_templates


Detecting CXX [-std=c++98] compiler features compiled with the following output:
Change Dir: /Users/sherryzhao/Documents/GitHub/SBSFTC10738/opencv/.cxx/cmake/release/x86_64/CMakeFiles/CMakeTmp

Run Build Command:"/Users/sherryzhao/Library/Android/sdk/cmake/3.6.4111459/bin/ninja" "cmTC_2a7c1"
[1/2] Building CXX object CMakeFiles/cmTC_2a7c1.dir/feature_tests.cxx.o
[2/2] Linking CXX executable cmTC_2a7c1


    Feature record: CXX_FEATURE:0cxx_aggregate_default_initializers
    Feature record: CXX_FEATURE:0cxx_alias_templates
    Feature record: CXX_FEATURE:0cxx_alignas
    Feature record: CXX_FEATURE:0cxx_alignof
    Feature record: CXX_FEATURE:0cxx_attributes
    Feature record: CXX_FEATURE:0cxx_attribute_deprecated
    Feature record: CXX_FEATURE:0cxx_auto_type
    Feature record: CXX_FEATURE:0cxx_binary_literals
    Feature record: CXX_FEATURE:0cxx_constexpr
    Feature record: CXX_FEATURE:0cxx_contextual_conversions
    Feature record: CXX_FEATURE:0cxx_decltype
    Feature record: CXX_FEATURE:0cxx_decltype_auto
    Feature record: CXX_FEATURE:0cxx_decltype_incomplete_return_types
    Feature record: CXX_FEATURE:0cxx_default_function_template_args
    Feature record: CXX_FEATURE:0cxx_defaulted_functions
    Feature record: CXX_FEATURE:0cxx_defaulted_move_initializers
    Feature record: CXX_FEATURE:0cxx_delegating_constructors
    Feature record: CXX_FEATURE:0cxx_deleted_functions
    Feature record: CXX_FEATURE:0cxx_digit_separators
    Feature record: CXX_FEATURE:0cxx_enum_forward_declarations
    Feature record: CXX_FEATURE:0cxx_explicit_conversions
    Feature record: CXX_FEATURE:0cxx_extended_friend_declarations
    Feature record: CXX_FEATURE:0cxx_extern_templates
    Feature record: CXX_FEATURE:0cxx_final
    Feature record: CXX_FEATURE:0cxx_func_identifier
    Feature record: CXX_FEATURE:0cxx_generalized_initializers
    Feature record: CXX_FEATURE:0cxx_generic_lambdas
    Feature record: CXX_FEATURE:0cxx_inheriting_constructors
    Feature record: CXX_FEATURE:0cxx_inline_namespaces
    Feature record: CXX_FEATURE:0cxx_lambdas
    Feature record: CXX_FEATURE:0cxx_lambda_init_captures
    Feature record: CXX_FEATURE:0cxx_local_type_template_args
    Feature record: CXX_FEATURE:0cxx_long_long_type
    Feature record: CXX_FEATURE:0cxx_noexcept
    Feature record: CXX_FEATURE:0cxx_nonstatic_member_init
    Feature record: CXX_FEATURE:0cxx_nullptr
    Feature record: CXX_FEATURE:0cxx_override
    Feature record: CXX_FEATURE:0cxx_range_for
    Feature record: CXX_FEATURE:0cxx_raw_string_literals
    Feature record: CXX_FEATURE:0cxx_reference_qualified_functions
    Feature record: CXX_FEATURE:0cxx_relaxed_constexpr
    Feature record: CXX_FEATURE:0cxx_return_type_deduction
    Feature record: CXX_FEATURE:0cxx_right_angle_brackets
    Feature record: CXX_FEATURE:0cxx_rvalue_references
    Feature record: CXX_FEATURE:0cxx_sizeof_member
    Feature record: CXX_FEATURE:0cxx_static_assert
    Feature record: CXX_FEATURE:0cxx_strong_enums
    Feature record: CXX_FEATURE:1cxx_template_template_parameters
    Feature record: CXX_FEATURE:0cxx_thread_local
    Feature record: CXX_FEATURE:0cxx_trailing_return_types
    Feature record: CXX_FEATURE:0cxx_unicode_literals
    Feature record: CXX_FEATURE:0cxx_uniform_initialization
    Feature record: CXX_FEATURE:0cxx_unrestricted_unions
    Feature record: CXX_FEATURE:0cxx_user_literals
    Feature record: CXX_FEATURE:0cxx_variable_templates
    Feature record: CXX_FEATURE:0cxx_variadic_macros
    Feature record: CXX_FEATURE:0cxx_variadic_templates
